<?xml version="1.0" encoding="UTF-8"?>
<testsuite name="REST Project.TC_Token and Login" tests="12" failures="1" errors="0" time="222.56"><properties>
[...]
</properties><testcase name="Token and Login" time="1.778"/><testcase name="TC_024 Property Transfer_Expansion" time="46.699"/><testcase name="TC_25" time="5.079"><failure type="Cancelling due to failed test step" message="Cancelling due to failed test step"><![CDATA[<h3><b>AddNewProduct Failed</b></h3><pre>[JsonPath Match] Assertion failed for path [success] : IllegalArgumentException:Invalid JSON: <html lang="en-US">
   <head>
      <meta charset="UTF-8"/>
      <meta http-equiv="Content-Type" content="text/html;charset=UTF-8"/>
      <meta name="viewport" content="width=device-width, initial-scale=1, maximum-scale=1"/>
      <title>Waiting for the redirectiron...</title>
      <style type="text/css">body {background-color: #ffffff; font-family: "Helvetica Neue", Helvetica,Arial,sans-serif;}
            html, body {width: 100%; height: 100%; margin: 0; padding: 0;}
            span {color: #878787; font-size: 12pt;  text-align: center;}
            h1 {color: #878787; font-size: 18pt; text-align: center;}
            .link {margin-top: 40px;}
            .sk-circle {margin: 80px auto;width: 100px;height: 100px;position: relative;}
            .sk-circle .sk-child {width: 100%;height: 100%;position: absolute;left: 0;top: 0;}
            .sk-circle .sk-child:before {content: '';display: block;margin: 0 auto;width: 15%;height: 15%;background-color: #666666;border-radius: 100%;-webkit-animation: sk-circleBounceDelay 1.2s infinite ease-in-out both;animation: sk-circleBounceDelay 1.2s infinite ease-in-out both;}
            .sk-circle .sk-circle2 {-webkit-transform: rotate(30deg);-ms-transform: rotate(30deg);transform: rotate(30deg); }
            .sk-circle .sk-circle3 {-webkit-transform: rotate(60deg);-ms-transform: rotate(60deg);transform: rotate(60deg); }
            .sk-circle .sk-circle4 {-webkit-transform: rotate(90deg);-ms-transform: rotate(90deg);transform: rotate(90deg); }
            .sk-circle .sk-circle5 {-webkit-transform: rotate(120deg);-ms-transform: rotate(120deg);transform: rotate(120deg); }
            .sk-circle .sk-circle6 {-webkit-transform: rotate(150deg);-ms-transform: rotate(150deg);transform: rotate(150deg); }
            .sk-circle .sk-circle7 {-webkit-transform: rotate(180deg);-ms-transform: rotate(180deg);transform: rotate(180deg); }
            .sk-circle .sk-circle8 {-webkit-transform: rotate(210deg);-ms-transform: rotate(210deg);transform: rotate(210deg); }
            .sk-circle .sk-circle9 {-webkit-transform: rotate(240deg);-ms-transform: rotate(240deg);transform: rotate(240deg); }
            .sk-circle .sk-circle10 {-webkit-transform: rotate(270deg);-ms-transform: rotate(270deg);transform: rotate(270deg); }
            .sk-circle .sk-circle11 {-webkit-transform: rotate(300deg);-ms-transform: rotate(300deg);transform: rotate(300deg); }
            .sk-circle .sk-circle12 {-webkit-transform: rotate(330deg);-ms-transform: rotate(330deg);transform: rotate(330deg); }
            .sk-circle .sk-circle2:before {-webkit-animation-delay: -1.1s;animation-delay: -1.1s; }
            .sk-circle .sk-circle3:before {-webkit-animation-delay: -1s;animation-delay: -1s; }
            .sk-circle .sk-circle4:before {-webkit-animation-delay: -0.9s;animation-delay: -0.9s; }
            .sk-circle .sk-circle5:before {-webkit-animation-delay: -0.8s;animation-delay: -0.8s; }
            .sk-circle .sk-circle6:before {-webkit-animation-delay: -0.7s;animation-delay: -0.7s; }
            .sk-circle .sk-circle7:before {-webkit-animation-delay: -0.6s;animation-delay: -0.6s; }
            .sk-circle .sk-circle8:before {-webkit-animation-delay: -0.5s;animation-delay: -0.5s; }
            .sk-circle .sk-circle9:before {-webkit-animation-delay: -0.4s;animation-delay: -0.4s; }
            .sk-circle .sk-circle10:before {-webkit-animation-delay: -0.3s;animation-delay: -0.3s; }
            .sk-circle .sk-circle11:before {-webkit-animation-delay: -0.2s;animation-delay: -0.2s; }
            .sk-circle .sk-circle12:before {-webkit-animation-delay: -0.1s;animation-delay: -0.1s; }
            @-webkit-keyframes sk-circleBounceDelay {0%, 80%, 100% {-webkit-transform: scale(0);transform: scale(0);}40% {-webkit-transform: scale(1);transform: scale(1);}}
            @keyframes sk-circleBounceDelay {0%, 80%, 100% {-webkit-transform: scale(0);transform: scale(0);}40% {-webkit-transform: scale(1);transform: scale(1);}}</style>
      <script type="text/javascript">//
            function startCountdown() {
                setInterval(function () {
                    var $secondsElement = document.getElementById('seconds');
                    var seconds = parseInt($secondsElement.innerHTML);
                    if (seconds > 0) {
                        seconds--;
                        $secondsElement.innerHTML = seconds;
                    }
                }, 1000);
            }
            function browserIntegrityCheck() {
                w = window.innerWidth;
                h = window.innerHeight;
                arr = [w, h, Math.floor((Math.random() * 9) + 1)];
                arr.push(arr[0] * arr[1] * arr[2]);
                d = new Date().getTime();
                arr = [];
                b = navigator.appName;
                div1 = document.createElement('div');
                div1.style.display = 'none';
                div2 = document.createElement('div');
                div2.style.display = 'none';
                div3 = document.createElement('div');
                div3.style.display = 'none';
                c = document.getElementById('content');
                c.appendChild(div1);
                div1.appendChild(div2);
                div2.appendChild(div3);
                div1.removeChild(div2);
                r = genRandString();
                if (r.search('asd')) {
                    r.replace('asd', 'bsd');
                }
            }

            function redirect() {
                setTimeout(function () {
                    f = document.getElementById('challenge-form');
                    f.submit();
                }, 4000);
            }
            function genRandString() {
                var text = "";
                var possible = "ABCDEFGHIJKLMNOPQRSTUVWXYZabcdefghijklmnopqrstuvwxyz0123456789";

                for (var i = 0; i &lt; 5; i++)
                    text += possible.charAt(Math.floor(Math.random() * possible.length));

                return text;
            }
            
            (function () {
                var a = function () {
                    try {
                        return !!window.addEventListener
                    } catch (e) {
                        return !1
                    }
                },
                        b = function (b, c) {
                            a() ? document.addEventListener("DOMContentLoaded", b, c) : document.attachEvent("onreadystatechange", b)
                        };
                b(function () {
                    var a = document.getElementById('content').style.display = 'block';

                    setTimeout(startCountdown(), 0);
                    setTimeout(browserIntegrityCheck(), 0);
                    setTimeout(redirect(), 0);


                }, false);
            })();
            //</script>
   </head>
   <body>
      <table width="100%" height="100%" cellpadding="20">
         <tr>
            <td align="center" valign="middle">
               <div>
                  <noscript>
                     <h1 style="color:#990000;">Please, turn Javascript on in your browser then reload the page.</h1>
                  </noscript>
                  <div id="content" style="display:none">
                     <div class="sk-circle">
                        <div class="sk-circle1 sk-child"/>
                        <div class="sk-circle2 sk-child"/>
                        <div class="sk-circle3 sk-child"/>
                        <div class="sk-circle4 sk-child"/>
                        <div class="sk-circle5 sk-child"/>
                        <div class="sk-circle6 sk-child"/>
                        <div class="sk-circle7 sk-child"/>
                        <div class="sk-circle8 sk-child"/>
                        <div class="sk-circle9 sk-child"/>
                        <div class="sk-circle10 sk-child"/>
                        <div class="sk-circle11 sk-child"/>
                        <div class="sk-circle12 sk-child"/>
                     </div>
                     <h1>Accessing http://rest-api.upskills.in/index.php?route=rest%2Fproduct_admin%2Fproducts securelyâ€¦</h1>
                     <span>
                        This is an automatic process.  Your browser will redirect to your requested content in
                        <span id="seconds">5</span>
                        seconds.
                     </span>
                  </div>
                  <form id="challenge-form" action="/verify.php" method="post">
                     <input type="hidden" name="hash" value="292b1d9174bbaeec545e25b6551125bc38c8047b"/>
                     <input type="hidden" name="origin_url" value="http://rest-api.upskills.in/index.php?route=rest%2Fproduct_admin%2Fproducts"/>
                  </form>
               </div>
               <div class="link">
                  <a href="https://bitninja.io" target="_blank" style="font-size: 12px;">Security check by BitNinja.IO</a>
               </div>
            </td>
         </tr>
      </table>
   </body>
</html>
</pre><hr/>]]></failure></testcase><testcase name="TC_25" time="3.449"/><testcase name="TC_025" time="10.298"/><testcase name="TC_25" time="6.398"/><testcase name="TC26" time="22.685"/><testcase name="TC26" time="23.512"/><testcase name="TC26" time="15.265"/><testcase name="TC26_Database connect" time="63.226"/><testcase name="TC26" time="23.61"/><testcase name="Logout" time="0.561"/></testsuite>